<?xml version="1.0" encoding="UTF-8"?>
<!-- Generated by org.testng.reporters.JUnitReportReporter -->
<testsuite hostname="ob-chetan-pc" failures="0" tests="1" name="Test.Text" time="107.095" errors="0" timestamp="10 Jul 2019 08:29:50 GMT" skipped="0">
  <testcase classname="Test.Text" name="test01" time="107.095"/>
</testsuite> <!-- Test.Text -->
